2022-04-15 10:20:15.619 [main] DEBUG revature.MavenExample.App - We've just greeted the user!
2022-04-15 10:20:15.627 [main] INFO  revature.MavenExample.App - We've just greeted the user!
2022-04-15 10:20:15.627 [main] WARN  revature.MavenExample.App - We've just greeted the user!
2022-04-15 10:20:15.628 [main] ERROR revature.MavenExample.App - We've just greeted the user!
2022-04-15 10:20:15.628 [main] FATAL revature.MavenExample.App - We've just greeted the user!
2022-04-15 11:02:46.474 [main] DEBUG revature.MavenExample.App - We've just greeted the user!
2022-04-15 11:02:46.482 [main] INFO  revature.MavenExample.App - We've just greeted the user!
2022-04-15 11:02:46.485 [main] WARN  revature.MavenExample.App - We've just greeted the user!
2022-04-15 11:02:46.486 [main] ERROR revature.MavenExample.App - We've just greeted the user!
2022-04-15 11:02:46.487 [main] FATAL revature.MavenExample.App - We've just greeted the user!
2022-04-15 11:03:32.510 [main] DEBUG revature.MavenExample.App - We've just greeted the user!
2022-04-15 11:03:32.536 [main] INFO  revature.MavenExample.App - We've just greeted the user!
2022-04-15 11:03:32.536 [main] WARN  revature.MavenExample.App - We've just greeted the user!
2022-04-15 11:03:32.536 [main] ERROR revature.MavenExample.App - We've just greeted the user!
2022-04-15 11:03:32.537 [main] FATAL revature.MavenExample.App - We've just greeted the user!
2022-04-15 11:05:35.100 [main] DEBUG revature.MavenExample.App - We've just greeted the user!
2022-04-15 11:05:35.105 [main] INFO  revature.MavenExample.App - We've just greeted the user!
2022-04-15 11:05:35.105 [main] WARN  revature.MavenExample.App - We've just greeted the user!
2022-04-15 11:05:35.105 [main] ERROR revature.MavenExample.App - We've just greeted the user!
2022-04-15 11:05:35.105 [main] FATAL revature.MavenExample.App - We've just greeted the user!
